0:100  0:100  MemLog inited, TSC freq: 1991019850
0:100  0:000  CPU was calibrated with RTC
0:100  0:000  
0:100  0:000  Now is 20.04.2020,  08:18:53 (GMT)
0:100  0:000  Starting Clover revision: 5107 (master, commit 84306ecbd) on INSYDE Corp. EFI
0:100  0:000  Build with: [Args: -D NO_GRUB_DRIVERS_EMBEDDED -t GCC53 | -D NO_GRUB_DRIVERS_EMBEDDED --conf=/Users/sky/git/CloverBootloader/Conf -D USE_LOW_EBDA -a X64 -b RELEASE -t GCC53 -n 13 | OS: 10.15.4]
0:100  0:000  SelfDevicePath=PciRoot(0x0)\Pci(0x14,0x0)\USB(0x2,0x0)\HD(1,GPT,3E132DB3-5F03-4E62-AE56-B2589C909217,0x22,0x64000) @2A068358
0:100  0:000  SelfDirPath = \EFI\BOOT
0:100  0:000  Clover : Image base = 0x23486000
0:593  0:493  SimpleTextEx Status=Success
0:593  0:000  === [ Get Smbios ] ==============================
0:593  0:000  Type 16 Index = 0
0:593  0:000  Total Memory Slots Count = 2
0:593  0:000  Type 17 Index = 0
0:593  0:000  SmbiosTable.Type17->Speed = 2400MHz
0:593  0:000  SmbiosTable.Type17->Size = 8192MB
0:593  0:000  SmbiosTable.Type17->Bank/Device = BANK 0 ChannelA-DIMM0
0:593  0:000  SmbiosTable.Type17->Vendor = Samsung
0:593  0:000  SmbiosTable.Type17->SerialNumber = 00000000
0:593  0:000  SmbiosTable.Type17->PartNumber = M471A1K43BB1-CTD    
0:593  0:000  Type 17 Index = 1
0:593  0:000  SmbiosTable.Type17->Speed = 2400MHz
0:593  0:000  SmbiosTable.Type17->Size = 4096MB
0:593  0:000  SmbiosTable.Type17->Bank/Device = BANK 2 ChannelB-DIMM0
0:593  0:000  SmbiosTable.Type17->Vendor = Samsung
0:593  0:000  SmbiosTable.Type17->SerialNumber = 00000000
0:593  0:000  SmbiosTable.Type17->PartNumber = M471A5244CB0-CTD    
0:593  0:000  Boot status=0
0:593  0:000  Running on: '81C4' with board 'LNVNB161216'
0:593  0:000  === [ GetCPUProperties ] ========================
0:593  0:000  CPU Vendor = 756E6547 Model=806EA
0:593  0:000   The CPU supported SSE4.1
0:593  0:000  BrandString = Intel(R) Core(TM) i7-8550U CPU @ 1.80GHz
0:593  0:000   The CPU supported turbo
0:593  0:000  MSR 0x35               40008
0:593  0:000   TSC/CCC Information Leaf:
0:593  0:000    numerator     : 166
0:593  0:000    denominator   : 2
0:593  0:000   Calibrated ARTFrequency: 23988190
0:593  0:000   Rounded ARTFrequency: 24000000
0:593  0:000  MSR 0xE2 before patch 1E008008
0:593  0:000  MSR 0xE2 is locked, PM patches will be turned on
0:593  0:000  MSR 0xCE              0004043D_4043DF1011400
0:593  0:000  corrected FLEX_RATIO = 0
0:593  0:000  MSR 0x1B0             00000000
0:593  0:000  FSBFrequency = 185 MHz, DMI FSBFrequency = 100 MHz, Corrected FSBFrequency = 100 MHz
0:593  0:000  MaxDiv/MinDiv: 20.0/4
0:593  0:000  Turbo: 37/37/40/40
0:593  0:000  Features: 0x77FAFBBFBFEBFBFF
0:593  0:000  Threads: 8
0:593  0:000  Cores: 4
0:593  0:000  FSB: 100 MHz
0:593  0:000  CPU: 3700 MHz
0:593  0:000  TSC: 3700 MHz
0:593  0:000  PIS: 100 MHz
0:593  0:000  ExternalClock: 25 MHz
0:593  0:000  === [ GetDevices ] ==============================
0:593  0:000  GOP found at: 
0:593  0:000  PCI (00|00:00.00) : 8086 5914 class=060000
0:593  0:000  PCI (00|00:02.00) : 8086 5917 class=030000
0:593  0:000   - GFX: Model=Intel UHD Graphics 620 (Intel)
0:593  0:000  PCI (00|00:04.00) : 8086 1903 class=118000
0:593  0:000  PCI (00|00:14.00) : 8086 9D2F class=0C0330
0:593  0:000  PCI (00|00:14.02) : 8086 9D31 class=118000
0:593  0:000  PCI (00|00:15.00) : 8086 9D60 class=118000
0:593  0:000  PCI (00|00:15.01) : 8086 9D61 class=118000
0:593  0:000  PCI (00|00:15.03) : 8086 9D63 class=118000
0:593  0:000  PCI (00|00:16.00) : 8086 9D3A class=078000
0:593  0:000  PCI (00|00:19.00) : 8086 9D66 class=118000
0:593  0:000  PCI (00|00:1C.00) : 8086 9D10 class=060400
0:593  0:000  PCI (00|01:00.00) : 8086 15D3 class=060400
0:593  0:000  PCI (00|02:00.00) : 8086 15D3 class=060400
0:593  0:000  PCI (00|02:01.00) : 8086 15D3 class=060400
0:593  0:000  PCI (00|02:02.00) : 8086 15D3 class=060400
0:593  0:000  PCI (00|37:00.00) : 8086 15D4 class=0C0330
0:593  0:000  PCI (00|02:04.00) : 8086 15D3 class=060400
0:593  0:000  PCI (00|00:1C.04) : 8086 9D14 class=060400
0:594  0:000  PCI (00|6B:00.00) : 8086 2526 class=028000
0:594  0:000   - WIFI: Vendor=32902Intel
0:594  0:000  PCI (00|00:1D.00) : 8086 9D18 class=060400
0:594  0:000  PCI (00|6C:00.00) : 8086 F1A6 class=010802
0:594  0:000  PCI (00|00:1F.00) : 8086 9D4E class=060100
0:594  0:000  PCI (00|00:1F.02) : 8086 9D21 class=058000
0:594  0:000  PCI (00|00:1F.03) : 8086 9D71 class=040100
0:594  0:000  PCI (00|00:1F.04) : 8086 9D23 class=0C0500
0:594  0:000  === [ GetDefaultSettings ] ======================
0:594  0:000  Clover load options size = 0 bytes
0:598  0:004  CheckOEMPathExists tried EFI\CLOVER\OEM\LNVNB161216\UEFI. Dir not exists
0:598  0:000  CheckOEMPathExists tried EFI\CLOVER\OEM\81C4. Dir not exists
0:598  0:000  CheckOEMPathExists tried EFI\CLOVER\OEM\81C4-3700. Dir not exists
0:598  0:000  CheckOEMPathExists tried EFI\CLOVER\OEM\LNVNB161216. Dir not exists
0:598  0:000  CheckOEMPathExists tried EFI\CLOVER\OEM\LNVNB161216-3700. Dir not exists
0:598  0:000  set OEMPath by default: EFI\CLOVER
0:602  0:004  EFI\CLOVER\config.plist loaded: Success
0:602  0:000  === [ GetListOfThemes ] =========================
0:607  0:004  - [00]: Catalina
0:615  0:008  - [01]: Hackintosh_ID
0:620  0:005  - [02]: mac_default_V
0:639  0:018  - [03]: SimpleThemeDark
0:641  0:002  === [ Found config plists ] =====================
0:641  0:000  - config.plist
0:641  0:000  - config_5700.plist
0:641  0:000  - config_Desktop.plist
0:641  0:000  - config_Installer.plist
0:644  0:002  === [ GetEarlyUserSettings ] ====================
0:644  0:000  timeout set to 5
0:644  0:000  Custom boot CUSTOM_BOOT_DISABLED (0x0)
0:644  0:000  ForceKextsToLoad: 2 requested
0:644  0:000   - [0]: System\Library\Extensions\IONetworkingFamily.kext
0:644  0:000   - [1]: System\Library\Extensions\AppleIntelSKLGraphicsFramebuffer.kext
0:644  0:000  KextsToPatch: 13 requested
0:644  0:000   - [00]: AppleIntelBDWGraphicsFramebuffer (DVMT for AppleIntelBDWGraphicsFramebuffer (Credits DalianSky) for 10.14.x) :: MatchOS: 10.14.x :: BinPatch :: data len: 5
0:644  0:000   - [01]: AppleIntelSKLGraphicsFramebuffer (DVMT for AppleIntelSKLGraphicsFramebuffer﻿ (Credits DalianSky) for 10.14.x) :: MatchOS: 10.14.x :: BinPatch :: data len: 5
0:644  0:000   - [02]: AppleIntelKBLGraph﻿icsFramebuffer﻿﻿﻿ (DVMT for AppleIntelKBLGraphicsFramebuffer﻿ (Credits DalianSky) for 10.14.x) :: MatchOS: 10.14.x :: BinPatch :: data len: 5
0:644  0:000   - [03]: AppleIntelCFLGraphicsFramebuffer (DVMT for AppleIntelCFLGraphicsFramebuffer﻿ (Credits DalianSky) for 10.14.x) :: MatchOS: 10.14.x :: BinPatch :: data len: 5
0:644  0:000   - [04]: AppleIntelCFLGraphicsFramebuffer (DVMT for AppleIntelCFLGraphicsFramebuffer﻿ (Credits DalianSky) for 10.14.x) :: MatchOS: 10.14.x :: BinPatch :: data len: 5
0:644  0:000   - [05]: com.apple.driver.AppleIntelSKLGraphicsFramebuffer (0x19160000/etc, 32MB BIOS, 19MB framebuffer 9MB cursor bytes (credit RehabMan)) :: BinPatch :: data len: 8
0:644  0:000   - [06]: com.apple.driver.AppleIntelSKLGraphicsFramebuffer (eDP, port 0000, 0x191e0000, 0x19160000, 0x19260000, 0x19270000, 0x191b0000, 0x19160002, 0x19260002, 0x191e0003, 0x19260004, 0x19270004, 0x193b0005 credit syscl) :: BinPatch :: data len: 20
0:644  0:000   - patch disabled at config
0:644  0:000   - [07]: com.apple.driver.AppleIntelSKLGraphicsFramebuffer (Enable lid wake for 0x19260002 credit syscl/lighting/Yating Zhou) :: BinPatch :: data len: 16
0:644  0:000   - patch disabled at config
0:644  0:000   - [08]: com.apple.driver.AppleIntelSKLGraphicsFramebuffer (Enable lid wake for 0x19260004 credit syscl/lighting/Yating Zhou) :: BinPatch :: data len: 16
0:644  0:000   - patch disabled at config
0:644  0:000   - [09]: com.apple.iokit.IOUSBHostFamily (USB port limit patch 10.14.x modify by DalianSky(credit ydeng)) :: MatchOS: 10.14.x :: BinPatch :: data len: 4
0:644  0:000   - [10]: com.apple.iokit.IOUSBHostFamily (USB port limit patch 10.14.x modify by DalianSky(credit PMHeart)) :: MatchOS: 10.14.x :: BinPatch :: data len: 4
0:644  0:000   - [11]: com.apple.driver.usb.AppleUSBXHCI (USB Port limit patch 10.14.x modify by DalianSky(credits PMheart)) :: MatchOS: 10.14.x :: BinPatch :: data len: 4
0:644  0:000   - [12]: com.apple.driver.usb.AppleUSBXHCI (USB Port limit patch 10.14.x modify by DalianSky(credits PMheart)) :: MatchOS: 10.14.x :: BinPatch :: data len: 4
0:644  0:000  KernelToPatch: 3 requested
0:644  0:000   - [00]: MSR 0xE2 _xcpm_idle instant reboot(c) Pike R. Alpha :: data len: 8
0:644  0:000   - [01]: Disable panic kext logging on 10.13 Debug kernel :: MatchOS: 10.13 :: data len: 6
0:644  0:000   - [02]: Disable panic kext logging on 10.13 Release kernel :: MatchOS: 10.13 :: data len: 6
0:645  0:000  Default theme: Hackintosh_ID
0:645  0:000  Hiding entries with string Preboot
0:645  0:000  === [ LoadDrivers ] =============================
0:652  0:006  Loading apfs.efi  status=Success
0:679  0:027   - driver needs connecting
0:679  0:000  Loading ApfsDriverLoader.efi  status=Success
0:782  0:102   - driver needs connecting
0:782  0:000  Loading AptioMemoryFix.efi  status=Success
0:885  0:103  Loading DataHubDxe.efi  status=Success
0:887  0:002  Loading FSInject.efi  status=Success
0:895  0:007  Loading HFSPlus.efi  status=Success
0:897  0:002   - driver needs connecting
0:897  0:000  Loading MemoryAllocation.efi  status=Success
0:899  0:002  Loading NvmExpressDxe.efi  status=Success
0:904  0:004   - driver needs connecting
0:904  0:000  Loading PartitionDxe.efi  status=Success
0:906  0:002   - driver needs connecting
0:906  0:000  Loading SMCHelper.efi  status=Success
0:908  0:002  Loading VirtualSmc.efi  status=Success
1:012  0:103  5 drivers needs connecting ...
1:012  0:000  PlatformDriverOverrideProtocol->GetDriver overriden
1:012  0:000  Partition driver loaded: 
1:012  0:000  HFS+ driver loaded
1:012  0:000  APFS driver loaded
1:012  0:000  Searching for invalid DiskIo BY_DRIVER connects: not found, all ok
1:218  0:206  === [ InitScreen ] ==============================
1:218  0:000  Console modes reported: 7, available modes:
1:218  0:000   - [01]: 80x25
1:218  0:000   - [02]: 80x50
1:218  0:000   - [03]: 80x25
1:218  0:000   - [04]: 240x56 (current mode)
1:218  0:000   - [05]: 100x31
1:218  0:000   - [06]: 128x40
1:218  0:000   - [07]: 160x53
1:218  0:000  SetMaxResolution: found best mode 0: 1920x1080
1:218  0:000   - already set
1:218  0:000  SetScreenResolution: 1920x1080 - already set
1:218  0:000  reinit: self device path=PciRoot(0x0)\Pci(0x14,0x0)\USB(0x2,0x0)\HD(1,GPT,3E132DB3-5F03-4E62-AE56-B2589C909217,0x22,0x64000)
1:218  0:000  new SelfHandle=2A068358
1:220  0:001  Using embedded font: Success
1:221  0:000  === [ GetMacAddress ] ===========================
1:221  0:000  === [ ScanSPD ] =================================
1:221  0:000  Scanning SMBus [8086:9D23], mmio: 0xFB01C004, ioport: 0x3040, hostc: 0x11
1:223  0:001  === [ GetAcpiTablesList ] =======================
1:223  0:000  Get Acpi Tables List from RSDT:
1:223  0:000   - [00]: FACP  CB-01    len=268
1:223  0:000   - [01]: UEFI  CB-01    len=566
1:223  0:000   - [02]: UEFI  CB-01    len=66
1:223  0:000   - [03]: MSDM  CB-01    len=85
1:223  0:000   - [04]: SSDT  CB-01    len=1219
1:223  0:000   - [05]: SSDT  CB-01    len=70
1:223  0:000   - [06]: TPM2  CB-01    len=52
1:223  0:000   - [07]: SSDT  CB-01    len=12600
1:223  0:000   - [08]: ASF!  CB-01    len=165
1:223  0:000   - [09]: ASPT  CB-01    len=52
1:223  0:000   - [10]: BOOT  CB-01    len=40
1:223  0:000   - [11]: DBGP  CB-01    len=52
1:223  0:000   - [12]: HPET  CB-01    len=56
1:223  0:000   - [13]: APIC  CB-01    len=300
1:223  0:000   - [14]: MCFG  CB-01    len=60
1:223  0:000   - [15]: SSDT  CB-01    len=2674
1:223  0:000   - [16]: LPIT  CB-01    len=148
1:223  0:000   - [17]: WSMT  CB-01    len=40
1:223  0:000   - [18]: SSDT  CB-01    len=671
1:223  0:000   - [19]: SSDT  CB-01    len=838
1:223  0:000   - [20]: SSDT  CB-01    len=12290
1:223  0:000   - [21]: SSDT  CB-01    len=774
1:223  0:000   - [22]: SSDT  CB-01    len=1310
1:223  0:000   - [23]: DBGP  CB-01    len=52
1:223  0:000   - [24]: DBG2  CB-01    len=84
1:223  0:000   - [25]: SSDT  CB-01    len=3988
1:223  0:000   - [26]: SSDT  CB-01    len=6062
1:223  0:000   - [27]: SSDT  CB-01    len=22821
1:223  0:000   - [28]: SSDT  CB-01    len=30768
1:223  0:000   - [29]: DMAR  CB-01    len=168
1:223  0:000   - [30]: NHLT  CB-01    len=3100
1:223  0:000   - [31]: FPDT  CB-01    len=68
1:223  0:000   - [32]: BGRT  CB-01    len=56
1:223  0:000  Calibrated TSC Frequency = 1991019850 = 1991MHz
1:223  0:000  === [ GetUserSettings ] =========================
1:223  0:000  Add 1 properties:
1:223  0:000   - [00]: IntelGFX Key: AAPL, GfxYTile, len: 4
1:223  0:000  USB FixOwnership: yes
1:223  0:000  Dropping 3 tables:
1:223  0:000   - [00]: Drop table  signature="#MCF" (46434D23)
1:223  0:000           - set table: 46434D23,                0 to drop: no
1:223  0:000   - [01]: Drop table  signature="DMAR" (52414D44)
1:223  0:000           - set table: 52414D44,                0 to drop: yes
1:223  0:000   - [02]: Drop table  signature="SSDT" (54445353) table-id="xh_rvp10" (30317076725F6878)
1:223  0:000           - set table: 54445353, 30317076725f6878 to drop: no
1:223  0:000   - final DSDT Fix mask=00260050
1:223  0:000  PatchesDSDT: 10 requested
1:223  0:000   - [00]: (change HDAS to HDEF) lenToFind: 4, lenToReplace: 4, Target Bridge: 
1:223  0:000   - [01]: (change HECI to IMEI) lenToFind: 4, lenToReplace: 4, Target Bridge: 
1:223  0:000   - [02]: (change MEI to IMEI) lenToFind: 4, lenToReplace: 4, Target Bridge: 
1:223  0:000   - [03]: (change GFX0 to IGPU) lenToFind: 4, lenToReplace: 4, Target Bridge: 
1:223  0:000   - [04]: (change PCI0.VID to IGPU #1 (Thinkpad)) lenToFind: 8, lenToReplace: 8, Target Bridge: 
1:223  0:000   - [05]: (change PCI0.VID to IGPU #2 (Thinkpad)) lenToFind: 14, lenToReplace: 14, Target Bridge: 
1:223  0:000   - [06]: (change SAT0 to SATA) lenToFind: 4, lenToReplace: 4, Target Bridge: 
1:223  0:000   - [07]: (change XHCI to XHC) lenToFind: 4, lenToReplace: 4, Target Bridge: 
1:223  0:000   - [08]: (change EHC1 to EH01) lenToFind: 4, lenToReplace: 4, Target Bridge: 
1:223  0:000   - [09]: (change EHC2 to EH02) lenToFind: 4, lenToReplace: 4, Target Bridge: 
1:223  0:000  Using ProductName from config: MacBookPro15,3
1:223  0:000  Using latest BiosVersion from clover
1:223  0:000  BiosVersion: MBP153.88Z.F000.B00.2003070239
1:223  0:000  BiosReleaseDate: 03/07/2020
1:223  0:000  Using latest EfiVersion from clover: 1037.100.355.0.0
1:223  0:000  Using FirmwareFeatures from config: 0xFC0FE137
1:223  0:000  Using FirmwareFeaturesMask from config: 0xFF1FFF3F
1:223  0:000  Board-ID set from config as Mac-1E7E29AD0135F9BC
1:223  0:000  BoardType: 0xA
1:223  0:000  ChassisType: 0x9
1:223  0:000  Converted CustomUUID 62C2EE68-98A5-592D-9BC6-F8A675A836E5
1:226  0:003  === [ Found DSDT tables ] =======================
1:943  0:716  === [ ScanVolumes ] =============================
1:943  0:000  Found 15 volumes with blockIO
1:943  0:000  - [00]: Volume: PciRoot(0x0)\Pci(0x1D,0x0)\Pci(0x0,0x0)\NVMe(0x1,00-00-00-00-00-00-00-00)
1:943  0:000  - [01]: Volume: PciRoot(0x0)\Pci(0x1D,0x0)\Pci(0x0,0x0)\NVMe(0x1,00-00-00-00-00-00-00-00)\HD(1,GPT,8B84C53C-44C0-42D9-B611-6C1D14A6C3E4,0x800,0x13A800)
1:943  0:000          Result of bootcode detection: bootable Windows (win)
1:946  0:002  - [02]: Volume: PciRoot(0x0)\Pci(0x1D,0x0)\Pci(0x0,0x0)\NVMe(0x1,00-00-00-00-00-00-00-00)\HD(2,GPT,A29BA0F9-0451-4A36-B18D-0101CDB4DFAC,0x13B000,0x8000)
1:946  0:000  - [03]: Volume: PciRoot(0x0)\Pci(0x1D,0x0)\Pci(0x0,0x0)\NVMe(0x1,00-00-00-00-00-00-00-00)\HD(3,GPT,E5FA4780-A537-4067-A71A-100AAEBD0FD1,0x143000,0x19667087)
1:946  0:000          Result of bootcode detection: bootable Windows (vista,win)
1:946  0:000  - [04]: Volume: PciRoot(0x0)\Pci(0x1D,0x0)\Pci(0x0,0x0)\NVMe(0x1,00-00-00-00-00-00-00-00)\HD(4,GPT,F2F0D414-BC55-4BD3-8DDA-AB26BC8F16D5,0x197AA800,0x1244E2B0)
1:946  0:000          Result of bootcode detection: bootable unknown (legacy)
1:946  0:000  - [05]: Volume: PciRoot(0x0)\Pci(0x1D,0x0)\Pci(0x0,0x0)\NVMe(0x1,00-00-00-00-00-00-00-00)\HD(5,GPT,E71BAC43-3DF2-4790-A5A5-156363A9D2E3,0x2BBF8AB0,0xFDE7800)
1:947  0:000          Result of bootcode detection: bootable Windows (vista,win)
1:947  0:000  - [06]: Volume: PciRoot(0x0)\Pci(0x14,0x0)\USB(0x2,0x0)
1:947  0:000          Result of bootcode detection: bootable unknown (legacy)
1:947  0:000  - [07]: Volume: PciRoot(0x0)\Pci(0x14,0x0)\USB(0x2,0x0)\HD(1,GPT,3E132DB3-5F03-4E62-AE56-B2589C909217,0x22,0x64000)
1:948  0:000          Result of bootcode detection: bootable unknown (legacy)
1:953  0:004          This is SelfVolume !!
1:953  0:000  - [08]: Volume: PciRoot(0x0)\Pci(0x14,0x0)\USB(0x2,0x0)\HD(2,GPT,A3807392-C662-448B-808F-C214675AB173,0x64022,0xFA022)
1:953  0:000          Result of bootcode detection: bootable unknown (legacy)
1:953  0:000  - [09]: Volume: PciRoot(0x0)\Pci(0x14,0x0)\USB(0x2,0x0)\HD(3,GPT,1F9B68A2-0AE3-44C8-A8AC-42424330DE59,0x15E044,0x108388B)
1:954  0:001  - [10]: Volume: PciRoot(0x0)\Pci(0x1D,0x0)\Pci(0x0,0x0)\NVMe(0x1,00-00-00-00-00-00-00-00)\HD(4,GPT,F2F0D414-BC55-4BD3-8DDA-AB26BC8F16D5,0x197AA800,0x1244E2B0)\VenMedia(BE74FCF7-0B7C-49F3-9147-01F4042E6842,6BE7CD8856D80648A63DFDD1E1C02A18)
1:954  0:000          hiding this volume
1:954  0:000  - [11]: Volume: PciRoot(0x0)\Pci(0x1D,0x0)\Pci(0x0,0x0)\NVMe(0x1,00-00-00-00-00-00-00-00)\HD(4,GPT,F2F0D414-BC55-4BD3-8DDA-AB26BC8F16D5,0x197AA800,0x1244E2B0)\VenMedia(BE74FCF7-0B7C-49F3-9147-01F4042E6842,F6863F491128EB4D91C3B0AE92A35C48)
1:955  0:000  - [12]: Volume: PciRoot(0x0)\Pci(0x1D,0x0)\Pci(0x0,0x0)\NVMe(0x1,00-00-00-00-00-00-00-00)\HD(4,GPT,F2F0D414-BC55-4BD3-8DDA-AB26BC8F16D5,0x197AA800,0x1244E2B0)\VenMedia(BE74FCF7-0B7C-49F3-9147-01F4042E6842,5E7FE4D68B28344E86A184B8D30B0F0A)
1:955  0:000  - [13]: Volume: PciRoot(0x0)\Pci(0x1D,0x0)\Pci(0x0,0x0)\NVMe(0x1,00-00-00-00-00-00-00-00)\HD(4,GPT,F2F0D414-BC55-4BD3-8DDA-AB26BC8F16D5,0x197AA800,0x1244E2B0)\VenMedia(BE74FCF7-0B7C-49F3-9147-01F4042E6842,D260B413FAB842428411CCA867023BB9)
1:955  0:000  - [14]: Volume: PciRoot(0x0)\Pci(0x1D,0x0)\Pci(0x0,0x0)\NVMe(0x1,00-00-00-00-00-00-00-00)\HD(4,GPT,F2F0D414-BC55-4BD3-8DDA-AB26BC8F16D5,0x197AA800,0x1244E2B0)\VenMedia(BE74FCF7-0B7C-49F3-9147-01F4042E6842,28677F9A0F067B44A14D15B54D0B4960)
1:955  0:000  No AudioIoProtocols, status=Not Found
1:955  0:000  === [ InitTheme ] ===============================
1:955  0:000  use night theme
1:964  0:009  Using theme 'Hackintosh_ID' (EFI\CLOVER\themes\Hackintosh_ID)
1:964  0:000  OS main and drive as badge
1:965  0:000  file sound read: sound_night.wav Not Found
1:965  0:000  file sound read: sound.wav Not Found
1:973  0:007  Loading font from ThemeDir: Success
1:973  0:000  theme inited
1:973  0:000  Chosen theme Hackintosh_ID
1:973  0:000  after NVRAM boot-args=-v dart=0 nv_disable=1 kext-dev-mode=1 debug=0x100 -alcoff
1:973  0:000  === [ Dump SMC keys from NVRAM ] ================
1:973  0:000  found AppleSMC protocol
1:999  0:026  === [ AddCustomEntries ] ========================
1:999  0:000  Custom entry 0 Title:"Recovery" Path:"\com.apple.recovery.boot\boot.efi" Type:10 Flags:0x6 matching all volumes
1:999  0:000      Checking volume "EFI" (PciRoot(0x0)\Pci(0x1D,0x0)\Pci(0x0,0x0)\NVMe(0x1,00-00-00-00-00-00-00-00)\HD(1,GPT,8B84C53C-44C0-42D9-B611-6C1D14A6C3E4,0x800,0x13A800)) ... skipped because path does not exist
1:999  0:000      Checking volume "EFI" (PciRoot(0x0)\Pci(0x14,0x0)\USB(0x2,0x0)\HD(1,GPT,3E132DB3-5F03-4E62-AE56-B2589C909217,0x22,0x64000)) ... skipped because path does not exist
1:999  0:000      Checking volume "WEPE" (PciRoot(0x0)\Pci(0x14,0x0)\USB(0x2,0x0)\HD(2,GPT,A3807392-C662-448B-808F-C214675AB173,0x64022,0xFA022)) ... skipped because path does not exist
1:999  0:000      Checking volume "Install macOS Catalina" (PciRoot(0x0)\Pci(0x14,0x0)\USB(0x2,0x0)\HD(3,GPT,1F9B68A2-0AE3-44C8-A8AC-42424330DE59,0x15E044,0x108388B)) ... skipped because path does not exist
1:999  0:000      Checking volume "Preboot" (PciRoot(0x0)\Pci(0x1D,0x0)\Pci(0x0,0x0)\NVMe(0x1,00-00-00-00-00-00-00-00)\HD(4,GPT,F2F0D414-BC55-4BD3-8DDA-AB26BC8F16D5,0x197AA800,0x1244E2B0)\VenMedia(BE74FCF7-0B7C-49F3-9147-01F4042E6842,6BE7CD8856D80648A63DFDD1E1C02A18)) ... skipped because volume is hidden
1:999  0:000      Checking volume "Macintosh HD - 数据" (PciRoot(0x0)\Pci(0x1D,0x0)\Pci(0x0,0x0)\NVMe(0x1,00-00-00-00-00-00-00-00)\HD(4,GPT,F2F0D414-BC55-4BD3-8DDA-AB26BC8F16D5,0x197AA800,0x1244E2B0)\VenMedia(BE74FCF7-0B7C-49F3-9147-01F4042E6842,F6863F491128EB4D91C3B0AE92A35C48)) ... skipped because path does not exist
1:999  0:000      Checking volume "Recovery" (PciRoot(0x0)\Pci(0x1D,0x0)\Pci(0x0,0x0)\NVMe(0x1,00-00-00-00-00-00-00-00)\HD(4,GPT,F2F0D414-BC55-4BD3-8DDA-AB26BC8F16D5,0x197AA800,0x1244E2B0)\VenMedia(BE74FCF7-0B7C-49F3-9147-01F4042E6842,5E7FE4D68B28344E86A184B8D30B0F0A)) ... skipped because path does not exist
1:999  0:000      Checking volume "VM" (PciRoot(0x0)\Pci(0x1D,0x0)\Pci(0x0,0x0)\NVMe(0x1,00-00-00-00-00-00-00-00)\HD(4,GPT,F2F0D414-BC55-4BD3-8DDA-AB26BC8F16D5,0x197AA800,0x1244E2B0)\VenMedia(BE74FCF7-0B7C-49F3-9147-01F4042E6842,D260B413FAB842428411CCA867023BB9)) ... skipped because path does not exist
1:999  0:000      Checking volume "Macintosh HD" (PciRoot(0x0)\Pci(0x1D,0x0)\Pci(0x0,0x0)\NVMe(0x1,00-00-00-00-00-00-00-00)\HD(4,GPT,F2F0D414-BC55-4BD3-8DDA-AB26BC8F16D5,0x197AA800,0x1244E2B0)\VenMedia(BE74FCF7-0B7C-49F3-9147-01F4042E6842,28677F9A0F067B44A14D15B54D0B4960)) ... skipped because path does not exist
1:999  0:000  Custom entry 1 Title:"Windows" Path:"\EFI\Microsoft\Boot\bootmgfw.efi" Options:"-s -h" Type:7 Flags:0x0 matching all volumes
2:000  0:000      Checking volume "EFI" (PciRoot(0x0)\Pci(0x1D,0x0)\Pci(0x0,0x0)\NVMe(0x1,00-00-00-00-00-00-00-00)\HD(1,GPT,8B84C53C-44C0-42D9-B611-6C1D14A6C3E4,0x800,0x13A800)) ... match!
2:038  0:038  Custom settings: .plist will  be applied
2:038  0:000      Checking volume "EFI" (PciRoot(0x0)\Pci(0x14,0x0)\USB(0x2,0x0)\HD(1,GPT,3E132DB3-5F03-4E62-AE56-B2589C909217,0x22,0x64000)) ... skipped because path does not exist
2:039  0:000      Checking volume "WEPE" (PciRoot(0x0)\Pci(0x14,0x0)\USB(0x2,0x0)\HD(2,GPT,A3807392-C662-448B-808F-C214675AB173,0x64022,0xFA022)) ... skipped because path does not exist
2:041  0:002      Checking volume "Install macOS Catalina" (PciRoot(0x0)\Pci(0x14,0x0)\USB(0x2,0x0)\HD(3,GPT,1F9B68A2-0AE3-44C8-A8AC-42424330DE59,0x15E044,0x108388B)) ... skipped because path does not exist
2:041  0:000      Checking volume "Preboot" (PciRoot(0x0)\Pci(0x1D,0x0)\Pci(0x0,0x0)\NVMe(0x1,00-00-00-00-00-00-00-00)\HD(4,GPT,F2F0D414-BC55-4BD3-8DDA-AB26BC8F16D5,0x197AA800,0x1244E2B0)\VenMedia(BE74FCF7-0B7C-49F3-9147-01F4042E6842,6BE7CD8856D80648A63DFDD1E1C02A18)) ... skipped because volume is hidden
2:041  0:000      Checking volume "Macintosh HD - 数据" (PciRoot(0x0)\Pci(0x1D,0x0)\Pci(0x0,0x0)\NVMe(0x1,00-00-00-00-00-00-00-00)\HD(4,GPT,F2F0D414-BC55-4BD3-8DDA-AB26BC8F16D5,0x197AA800,0x1244E2B0)\VenMedia(BE74FCF7-0B7C-49F3-9147-01F4042E6842,F6863F491128EB4D91C3B0AE92A35C48)) ... skipped because path does not exist
2:041  0:000      Checking volume "Recovery" (PciRoot(0x0)\Pci(0x1D,0x0)\Pci(0x0,0x0)\NVMe(0x1,00-00-00-00-00-00-00-00)\HD(4,GPT,F2F0D414-BC55-4BD3-8DDA-AB26BC8F16D5,0x197AA800,0x1244E2B0)\VenMedia(BE74FCF7-0B7C-49F3-9147-01F4042E6842,5E7FE4D68B28344E86A184B8D30B0F0A)) ... skipped because path does not exist
2:041  0:000      Checking volume "VM" (PciRoot(0x0)\Pci(0x1D,0x0)\Pci(0x0,0x0)\NVMe(0x1,00-00-00-00-00-00-00-00)\HD(4,GPT,F2F0D414-BC55-4BD3-8DDA-AB26BC8F16D5,0x197AA800,0x1244E2B0)\VenMedia(BE74FCF7-0B7C-49F3-9147-01F4042E6842,D260B413FAB842428411CCA867023BB9)) ... skipped because path does not exist
2:041  0:000      Checking volume "Macintosh HD" (PciRoot(0x0)\Pci(0x1D,0x0)\Pci(0x0,0x0)\NVMe(0x1,00-00-00-00-00-00-00-00)\HD(4,GPT,F2F0D414-BC55-4BD3-8DDA-AB26BC8F16D5,0x197AA800,0x1244E2B0)\VenMedia(BE74FCF7-0B7C-49F3-9147-01F4042E6842,28677F9A0F067B44A14D15B54D0B4960)) ... skipped because path does not exist
2:041  0:000  === [ ScanLoader ] ==============================
2:041  0:000  - [01]: 'EFI'
2:043  0:001          AddLoaderEntry for Volume Name=EFI
2:043  0:000       skipped because path `PciRoot(0x0)\Pci(0x1D,0x0)\Pci(0x0,0x0)\NVMe(0x1,00-00-00-00-00-00-00-00)\HD(1,GPT,8B84C53C-44C0-42D9-B611-6C1D14A6C3E4,0x800,0x13A800)\EFI\microsoft\Boot\bootmgfw.efii` already exists for another entry!
2:068  0:025          AddLoaderEntry for Volume Name=EFI
2:105  0:036          AddLoaderEntry for Volume Name=EFI
2:138  0:033          AddLoaderEntry for Volume Name=EFI
2:138  0:000          skipped because entry is hidden
2:138  0:000  - [07]: 'EFI'
2:234  0:095          AddLoaderEntry for Volume Name=EFI
2:234  0:000          skipped because entry is hidden
2:234  0:000  - [08]: 'WEPE'
2:343  0:108          AddLoaderEntry for Volume Name=WEPE
2:343  0:000          skipped because entry is hidden
2:343  0:000  - [09]: 'Install macOS Catalina'
2:346  0:003          AddLoaderEntry for Volume Name=Install macOS Catalina
2:431  0:085  - [10]: 'Preboot', hidden
2:431  0:000  - [11]: 'Macintosh HD - 数据'
2:510  0:078  - [12]: 'Recovery'
2:510  0:000          AddLoaderEntry for Volume Name=Recovery
2:593  0:082  - [13]: 'VM'
2:670  0:077  - [14]: 'Macintosh HD'
2:676  0:005          AddLoaderEntry for Volume Name=Macintosh HD
2:677  0:001      hibernated: set as never
2:758  0:080  === [ AddCustomTool ] ===========================
2:760  0:001  found tool \EFI\CLOVER\tools\Shell64U.efi
2:760  0:000  Checking EFI partition Volume 1 for Clover
2:760  0:000  Checking EFI partition Volume 7 for Clover
2:761  0:001   Found Clover
2:763  0:001  === [ GetEfiBootDeviceFromNvram ] ===============
2:763  0:000   - efi-boot-device-data: PciRoot(0x0)\Pci(0x1D,0x0)\Pci(0x0,0x0)\NVMe(0x1,00-00-00-00-00-00-00-00)\HD(4,GPT,F2F0D414-BC55-4BD3-8DDA-AB26BC8F16D5,0x197AA800,0x1244E2B0)\VenMedia(BE74FCF7-0B7C-49F3-9147-01F4042E6842,28677F9A0F067B44A14D15B54D0B4960)
2:763  0:000    - Volume: 'PciRoot(0x0)\Pci(0x1D,0x0)\Pci(0x0,0x0)\NVMe(0x1,00-00-00-00-00-00-00-00)\HD(4,GPT,F2F0D414-BC55-4BD3-8DDA-AB26BC8F16D5,0x197AA800,0x1244E2B0)\VenMedia(BE74FCF7-0B7C-49F3-9147-01F4042E6842,28677F9A0F067B44A14D15B54D0B4960)'
2:763  0:000    - LoaderPath: ''
2:763  0:000    - Guid = F2F0D414-BC55-4BD3-8DDA-AB26BC8F16D5
2:763  0:000  === [ FindStartupDiskVolume ] ===================
2:763  0:000    - Volume: partition = PciRoot(0x0)\Pci(0x1D,0x0)\Pci(0x0,0x0)\NVMe(0x1,00-00-00-00-00-00-00-00)\HD(4,GPT,F2F0D414-BC55-4BD3-8DDA-AB26BC8F16D5,0x197AA800,0x1244E2B0)\VenMedia(BE74FCF7-0B7C-49F3-9147-01F4042E6842,28677F9A0F067B44A14D15B54D0B4960)
2:763  0:000     - searching for that partition
2:763  0:000      - found entry 5. 'Boot macOS from Macintosh HD', Volume 'Macintosh HD'
2:763  0:000  Boot redirected to Entry 5. 'Boot macOS from Macintosh HD'
2:763  0:000  DefaultIndex=5 and MainMenu.Entries.size()=12
2:862  0:099  GUI ready
19:511  16:648  exit from MainMenu 8
19:511  0:000  ReinitSelfLib after theme change
19:511  0:000  reinit: self device path=PciRoot(0x0)\Pci(0x14,0x0)\USB(0x2,0x0)\HD(1,GPT,3E132DB3-5F03-4E62-AE56-B2589C909217,0x22,0x64000)
19:511  0:000  new SelfHandle=2A068358
19:511  0:000  === [ ScanVolumes ] =============================
19:511  0:000  Found 15 volumes with blockIO
19:511  0:000  - [00]: Volume: PciRoot(0x0)\Pci(0x1D,0x0)\Pci(0x0,0x0)\NVMe(0x1,00-00-00-00-00-00-00-00)
19:512  0:000  - [01]: Volume: PciRoot(0x0)\Pci(0x1D,0x0)\Pci(0x0,0x0)\NVMe(0x1,00-00-00-00-00-00-00-00)\HD(1,GPT,8B84C53C-44C0-42D9-B611-6C1D14A6C3E4,0x800,0x13A800)
19:512  0:000          Result of bootcode detection: bootable Windows (win)
19:512  0:000  - [02]: Volume: PciRoot(0x0)\Pci(0x1D,0x0)\Pci(0x0,0x0)\NVMe(0x1,00-00-00-00-00-00-00-00)\HD(2,GPT,A29BA0F9-0451-4A36-B18D-0101CDB4DFAC,0x13B000,0x8000)
19:512  0:000  - [03]: Volume: PciRoot(0x0)\Pci(0x1D,0x0)\Pci(0x0,0x0)\NVMe(0x1,00-00-00-00-00-00-00-00)\HD(3,GPT,E5FA4780-A537-4067-A71A-100AAEBD0FD1,0x143000,0x19667087)
19:512  0:000          Result of bootcode detection: bootable Windows (vista,win)
19:512  0:000  - [04]: Volume: PciRoot(0x0)\Pci(0x1D,0x0)\Pci(0x0,0x0)\NVMe(0x1,00-00-00-00-00-00-00-00)\HD(4,GPT,F2F0D414-BC55-4BD3-8DDA-AB26BC8F16D5,0x197AA800,0x1244E2B0)
19:512  0:000          Result of bootcode detection: bootable unknown (legacy)
19:513  0:000  - [05]: Volume: PciRoot(0x0)\Pci(0x1D,0x0)\Pci(0x0,0x0)\NVMe(0x1,00-00-00-00-00-00-00-00)\HD(5,GPT,E71BAC43-3DF2-4790-A5A5-156363A9D2E3,0x2BBF8AB0,0xFDE7800)
19:513  0:000          Result of bootcode detection: bootable Windows (vista,win)
19:513  0:000  - [06]: Volume: PciRoot(0x0)\Pci(0x14,0x0)\USB(0x2,0x0)
19:514  0:001          Result of bootcode detection: bootable unknown (legacy)
19:514  0:000  - [07]: Volume: PciRoot(0x0)\Pci(0x14,0x0)\USB(0x2,0x0)\HD(1,GPT,3E132DB3-5F03-4E62-AE56-B2589C909217,0x22,0x64000)
19:515  0:000          Result of bootcode detection: bootable unknown (legacy)
19:515  0:000          This is SelfVolume !!
19:515  0:000  - [08]: Volume: PciRoot(0x0)\Pci(0x14,0x0)\USB(0x2,0x0)\HD(2,GPT,A3807392-C662-448B-808F-C214675AB173,0x64022,0xFA022)
19:515  0:000          Result of bootcode detection: bootable unknown (legacy)
19:515  0:000  - [09]: Volume: PciRoot(0x0)\Pci(0x14,0x0)\USB(0x2,0x0)\HD(3,GPT,1F9B68A2-0AE3-44C8-A8AC-42424330DE59,0x15E044,0x108388B)
19:516  0:000  - [10]: Volume: PciRoot(0x0)\Pci(0x1D,0x0)\Pci(0x0,0x0)\NVMe(0x1,00-00-00-00-00-00-00-00)\HD(4,GPT,F2F0D414-BC55-4BD3-8DDA-AB26BC8F16D5,0x197AA800,0x1244E2B0)\VenMedia(BE74FCF7-0B7C-49F3-9147-01F4042E6842,6BE7CD8856D80648A63DFDD1E1C02A18)
19:516  0:000  - [11]: Volume: PciRoot(0x0)\Pci(0x1D,0x0)\Pci(0x0,0x0)\NVMe(0x1,00-00-00-00-00-00-00-00)\HD(4,GPT,F2F0D414-BC55-4BD3-8DDA-AB26BC8F16D5,0x197AA800,0x1244E2B0)\VenMedia(BE74FCF7-0B7C-49F3-9147-01F4042E6842,F6863F491128EB4D91C3B0AE92A35C48)
19:517  0:000  - [12]: Volume: PciRoot(0x0)\Pci(0x1D,0x0)\Pci(0x0,0x0)\NVMe(0x1,00-00-00-00-00-00-00-00)\HD(4,GPT,F2F0D414-BC55-4BD3-8DDA-AB26BC8F16D5,0x197AA800,0x1244E2B0)\VenMedia(BE74FCF7-0B7C-49F3-9147-01F4042E6842,5E7FE4D68B28344E86A184B8D30B0F0A)
19:517  0:000  - [13]: Volume: PciRoot(0x0)\Pci(0x1D,0x0)\Pci(0x0,0x0)\NVMe(0x1,00-00-00-00-00-00-00-00)\HD(4,GPT,F2F0D414-BC55-4BD3-8DDA-AB26BC8F16D5,0x197AA800,0x1244E2B0)\VenMedia(BE74FCF7-0B7C-49F3-9147-01F4042E6842,D260B413FAB842428411CCA867023BB9)
19:517  0:000  - [14]: Volume: PciRoot(0x0)\Pci(0x1D,0x0)\Pci(0x0,0x0)\NVMe(0x1,00-00-00-00-00-00-00-00)\HD(4,GPT,F2F0D414-BC55-4BD3-8DDA-AB26BC8F16D5,0x197AA800,0x1244E2B0)\VenMedia(BE74FCF7-0B7C-49F3-9147-01F4042E6842,28677F9A0F067B44A14D15B54D0B4960)
19:517  0:000  No AudioIoProtocols, status=Not Found
19:517  0:000  theme inited
19:517  0:000  Chosen theme Hackintosh_ID
19:517  0:000  after NVRAM boot-args=-v dart=0 nv_disable=1 kext-dev-mode=1 debug=0x100 -alcoff
19:517  0:000  === [ AddCustomEntries ] ========================
19:517  0:000  Custom entry 0 Title:"Recovery" Path:"\com.apple.recovery.boot\boot.efi" Type:10 Flags:0x6 matching all volumes
19:517  0:000      Checking volume "EFI" (PciRoot(0x0)\Pci(0x1D,0x0)\Pci(0x0,0x0)\NVMe(0x1,00-00-00-00-00-00-00-00)\HD(1,GPT,8B84C53C-44C0-42D9-B611-6C1D14A6C3E4,0x800,0x13A800)) ... skipped because path does not exist
19:517  0:000      Checking volume "EFI" (PciRoot(0x0)\Pci(0x14,0x0)\USB(0x2,0x0)\HD(1,GPT,3E132DB3-5F03-4E62-AE56-B2589C909217,0x22,0x64000)) ... skipped because path does not exist
19:517  0:000      Checking volume "WEPE" (PciRoot(0x0)\Pci(0x14,0x0)\USB(0x2,0x0)\HD(2,GPT,A3807392-C662-448B-808F-C214675AB173,0x64022,0xFA022)) ... skipped because path does not exist
19:517  0:000      Checking volume "Install macOS Catalina" (PciRoot(0x0)\Pci(0x14,0x0)\USB(0x2,0x0)\HD(3,GPT,1F9B68A2-0AE3-44C8-A8AC-42424330DE59,0x15E044,0x108388B)) ... skipped because path does not exist
19:517  0:000      Checking volume "Preboot" (PciRoot(0x0)\Pci(0x1D,0x0)\Pci(0x0,0x0)\NVMe(0x1,00-00-00-00-00-00-00-00)\HD(4,GPT,F2F0D414-BC55-4BD3-8DDA-AB26BC8F16D5,0x197AA800,0x1244E2B0)\VenMedia(BE74FCF7-0B7C-49F3-9147-01F4042E6842,6BE7CD8856D80648A63DFDD1E1C02A18)) ... skipped because path does not exist
19:517  0:000      Checking volume "Macintosh HD - 数据" (PciRoot(0x0)\Pci(0x1D,0x0)\Pci(0x0,0x0)\NVMe(0x1,00-00-00-00-00-00-00-00)\HD(4,GPT,F2F0D414-BC55-4BD3-8DDA-AB26BC8F16D5,0x197AA800,0x1244E2B0)\VenMedia(BE74FCF7-0B7C-49F3-9147-01F4042E6842,F6863F491128EB4D91C3B0AE92A35C48)) ... skipped because path does not exist
19:517  0:000      Checking volume "Recovery" (PciRoot(0x0)\Pci(0x1D,0x0)\Pci(0x0,0x0)\NVMe(0x1,00-00-00-00-00-00-00-00)\HD(4,GPT,F2F0D414-BC55-4BD3-8DDA-AB26BC8F16D5,0x197AA800,0x1244E2B0)\VenMedia(BE74FCF7-0B7C-49F3-9147-01F4042E6842,5E7FE4D68B28344E86A184B8D30B0F0A)) ... skipped because path does not exist
19:517  0:000      Checking volume "VM" (PciRoot(0x0)\Pci(0x1D,0x0)\Pci(0x0,0x0)\NVMe(0x1,00-00-00-00-00-00-00-00)\HD(4,GPT,F2F0D414-BC55-4BD3-8DDA-AB26BC8F16D5,0x197AA800,0x1244E2B0)\VenMedia(BE74FCF7-0B7C-49F3-9147-01F4042E6842,D260B413FAB842428411CCA867023BB9)) ... skipped because path does not exist
19:517  0:000      Checking volume "Macintosh HD" (PciRoot(0x0)\Pci(0x1D,0x0)\Pci(0x0,0x0)\NVMe(0x1,00-00-00-00-00-00-00-00)\HD(4,GPT,F2F0D414-BC55-4BD3-8DDA-AB26BC8F16D5,0x197AA800,0x1244E2B0)\VenMedia(BE74FCF7-0B7C-49F3-9147-01F4042E6842,28677F9A0F067B44A14D15B54D0B4960)) ... skipped because path does not exist
19:517  0:000  Custom entry 1 Title:"Windows" Path:"\EFI\Microsoft\Boot\bootmgfw.efi" Options:"-s -h" Type:7 Flags:0x0 matching all volumes
19:517  0:000      Checking volume "EFI" (PciRoot(0x0)\Pci(0x1D,0x0)\Pci(0x0,0x0)\NVMe(0x1,00-00-00-00-00-00-00-00)\HD(1,GPT,8B84C53C-44C0-42D9-B611-6C1D14A6C3E4,0x800,0x13A800)) ... match!
19:520  0:002  Custom settings: .plist will  be applied
19:520  0:000      Checking volume "EFI" (PciRoot(0x0)\Pci(0x14,0x0)\USB(0x2,0x0)\HD(1,GPT,3E132DB3-5F03-4E62-AE56-B2589C909217,0x22,0x64000)) ... skipped because path does not exist
19:520  0:000      Checking volume "WEPE" (PciRoot(0x0)\Pci(0x14,0x0)\USB(0x2,0x0)\HD(2,GPT,A3807392-C662-448B-808F-C214675AB173,0x64022,0xFA022)) ... skipped because path does not exist
19:520  0:000      Checking volume "Install macOS Catalina" (PciRoot(0x0)\Pci(0x14,0x0)\USB(0x2,0x0)\HD(3,GPT,1F9B68A2-0AE3-44C8-A8AC-42424330DE59,0x15E044,0x108388B)) ... skipped because path does not exist
19:520  0:000      Checking volume "Preboot" (PciRoot(0x0)\Pci(0x1D,0x0)\Pci(0x0,0x0)\NVMe(0x1,00-00-00-00-00-00-00-00)\HD(4,GPT,F2F0D414-BC55-4BD3-8DDA-AB26BC8F16D5,0x197AA800,0x1244E2B0)\VenMedia(BE74FCF7-0B7C-49F3-9147-01F4042E6842,6BE7CD8856D80648A63DFDD1E1C02A18)) ... skipped because path does not exist
19:520  0:000      Checking volume "Macintosh HD - 数据" (PciRoot(0x0)\Pci(0x1D,0x0)\Pci(0x0,0x0)\NVMe(0x1,00-00-00-00-00-00-00-00)\HD(4,GPT,F2F0D414-BC55-4BD3-8DDA-AB26BC8F16D5,0x197AA800,0x1244E2B0)\VenMedia(BE74FCF7-0B7C-49F3-9147-01F4042E6842,F6863F491128EB4D91C3B0AE92A35C48)) ... skipped because path does not exist
19:520  0:000      Checking volume "Recovery" (PciRoot(0x0)\Pci(0x1D,0x0)\Pci(0x0,0x0)\NVMe(0x1,00-00-00-00-00-00-00-00)\HD(4,GPT,F2F0D414-BC55-4BD3-8DDA-AB26BC8F16D5,0x197AA800,0x1244E2B0)\VenMedia(BE74FCF7-0B7C-49F3-9147-01F4042E6842,5E7FE4D68B28344E86A184B8D30B0F0A)) ... skipped because path does not exist
19:520  0:000      Checking volume "VM" (PciRoot(0x0)\Pci(0x1D,0x0)\Pci(0x0,0x0)\NVMe(0x1,00-00-00-00-00-00-00-00)\HD(4,GPT,F2F0D414-BC55-4BD3-8DDA-AB26BC8F16D5,0x197AA800,0x1244E2B0)\VenMedia(BE74FCF7-0B7C-49F3-9147-01F4042E6842,D260B413FAB842428411CCA867023BB9)) ... skipped because path does not exist
19:520  0:000      Checking volume "Macintosh HD" (PciRoot(0x0)\Pci(0x1D,0x0)\Pci(0x0,0x0)\NVMe(0x1,00-00-00-00-00-00-00-00)\HD(4,GPT,F2F0D414-BC55-4BD3-8DDA-AB26BC8F16D5,0x197AA800,0x1244E2B0)\VenMedia(BE74FCF7-0B7C-49F3-9147-01F4042E6842,28677F9A0F067B44A14D15B54D0B4960)) ... skipped because path does not exist
19:520  0:000  === [ ScanLoader ] ==============================
19:520  0:000  - [01]: 'EFI'
19:522  0:001          AddLoaderEntry for Volume Name=EFI
19:522  0:000       skipped because path `PciRoot(0x0)\Pci(0x1D,0x0)\Pci(0x0,0x0)\NVMe(0x1,00-00-00-00-00-00-00-00)\HD(1,GPT,8B84C53C-44C0-42D9-B611-6C1D14A6C3E4,0x800,0x13A800)\EFI\microsoft\Boot\bootmgfw.efii` already exists for another entry!
19:543  0:021          AddLoaderEntry for Volume Name=EFI
19:570  0:027          AddLoaderEntry for Volume Name=EFI
19:601  0:031          AddLoaderEntry for Volume Name=EFI
19:604  0:003  - [07]: 'EFI'
19:701  0:096          AddLoaderEntry for Volume Name=EFI
19:701  0:000       skipped because path `PciRoot(0x0)\Pci(0x14,0x0)\USB(0x2,0x0)\HD(1,GPT,3E132DB3-5F03-4E62-AE56-B2589C909217,0x22,0x64000)\EFI\BOOT\BOOTX64.efii` is self path!
19:701  0:000  - [08]: 'WEPE'
19:779  0:077          AddLoaderEntry for Volume Name=WEPE
19:781  0:002  - [09]: 'Install macOS Catalina'
19:782  0:000          AddLoaderEntry for Volume Name=Install macOS Catalina
19:863  0:081  - [10]: 'Preboot'
19:864  0:000          AddLoaderEntry for Volume Name=Preboot
19:865  0:000      hibernated: set as never
19:945  0:080  - [11]: 'Macintosh HD - 数据'
20:024  0:078  - [12]: 'Recovery'
20:024  0:000          AddLoaderEntry for Volume Name=Recovery
20:105  0:080  - [13]: 'VM'
20:183  0:078  - [14]: 'Macintosh HD'
20:183  0:000          AddLoaderEntry for Volume Name=Macintosh HD
20:184  0:000      hibernated: set as never
20:264  0:080  === [ AddCustomTool ] ===========================
20:266  0:001  found tool \EFI\CLOVER\tools\Shell64U.efi
20:266  0:000  Checking EFI partition Volume 1 for Clover
20:266  0:000  Checking EFI partition Volume 7 for Clover
20:268  0:001   Found Clover
20:268  0:000  === [ GetEfiBootDeviceFromNvram ] ===============
20:268  0:000  === [ FindStartupDiskVolume ] ===================
20:268  0:000    - Volume: partition = PciRoot(0x0)\Pci(0x1D,0x0)\Pci(0x0,0x0)\NVMe(0x1,00-00-00-00-00-00-00-00)\HD(4,GPT,F2F0D414-BC55-4BD3-8DDA-AB26BC8F16D5,0x197AA800,0x1244E2B0)\VenMedia(BE74FCF7-0B7C-49F3-9147-01F4042E6842,28677F9A0F067B44A14D15B54D0B4960)
20:268  0:000     - searching for that partition
20:268  0:000      - found entry 8. 'Boot macOS from Macintosh HD', Volume 'Macintosh HD'
20:268  0:000  Boot redirected to Entry 8. 'Boot macOS from Macintosh HD'
20:268  0:000  DefaultIndex=8 and MainMenu.Entries.size()=15
27:976  7:707  exit from MainMenu 8
27:976  0:000  ReinitSelfLib after theme change
27:976  0:000  reinit: self device path=PciRoot(0x0)\Pci(0x14,0x0)\USB(0x2,0x0)\HD(1,GPT,3E132DB3-5F03-4E62-AE56-B2589C909217,0x22,0x64000)
27:976  0:000  new SelfHandle=2A068358
27:976  0:000  === [ ScanVolumes ] =============================
27:976  0:000  Found 15 volumes with blockIO
27:976  0:000  - [00]: Volume: PciRoot(0x0)\Pci(0x1D,0x0)\Pci(0x0,0x0)\NVMe(0x1,00-00-00-00-00-00-00-00)
27:976  0:000  - [01]: Volume: PciRoot(0x0)\Pci(0x1D,0x0)\Pci(0x0,0x0)\NVMe(0x1,00-00-00-00-00-00-00-00)\HD(1,GPT,8B84C53C-44C0-42D9-B611-6C1D14A6C3E4,0x800,0x13A800)
27:976  0:000          Result of bootcode detection: bootable Windows (win)
27:976  0:000  - [02]: Volume: PciRoot(0x0)\Pci(0x1D,0x0)\Pci(0x0,0x0)\NVMe(0x1,00-00-00-00-00-00-00-00)\HD(2,GPT,A29BA0F9-0451-4A36-B18D-0101CDB4DFAC,0x13B000,0x8000)
27:976  0:000  - [03]: Volume: PciRoot(0x0)\Pci(0x1D,0x0)\Pci(0x0,0x0)\NVMe(0x1,00-00-00-00-00-00-00-00)\HD(3,GPT,E5FA4780-A537-4067-A71A-100AAEBD0FD1,0x143000,0x19667087)
27:977  0:000          Result of bootcode detection: bootable Windows (vista,win)
27:977  0:000  - [04]: Volume: PciRoot(0x0)\Pci(0x1D,0x0)\Pci(0x0,0x0)\NVMe(0x1,00-00-00-00-00-00-00-00)\HD(4,GPT,F2F0D414-BC55-4BD3-8DDA-AB26BC8F16D5,0x197AA800,0x1244E2B0)
27:977  0:000          Result of bootcode detection: bootable unknown (legacy)
27:977  0:000  - [05]: Volume: PciRoot(0x0)\Pci(0x1D,0x0)\Pci(0x0,0x0)\NVMe(0x1,00-00-00-00-00-00-00-00)\HD(5,GPT,E71BAC43-3DF2-4790-A5A5-156363A9D2E3,0x2BBF8AB0,0xFDE7800)
27:977  0:000          Result of bootcode detection: bootable Windows (vista,win)
27:977  0:000  - [06]: Volume: PciRoot(0x0)\Pci(0x14,0x0)\USB(0x2,0x0)
28:171  0:193          Result of bootcode detection: bootable unknown (legacy)
28:171  0:000  - [07]: Volume: PciRoot(0x0)\Pci(0x14,0x0)\USB(0x2,0x0)\HD(1,GPT,3E132DB3-5F03-4E62-AE56-B2589C909217,0x22,0x64000)
28:174  0:002          Result of bootcode detection: bootable unknown (legacy)
28:174  0:000          This is SelfVolume !!
28:174  0:000  - [08]: Volume: PciRoot(0x0)\Pci(0x14,0x0)\USB(0x2,0x0)\HD(2,GPT,A3807392-C662-448B-808F-C214675AB173,0x64022,0xFA022)
28:176  0:002          Result of bootcode detection: bootable unknown (legacy)
28:176  0:000  - [09]: Volume: PciRoot(0x0)\Pci(0x14,0x0)\USB(0x2,0x0)\HD(3,GPT,1F9B68A2-0AE3-44C8-A8AC-42424330DE59,0x15E044,0x108388B)
28:180  0:003  - [10]: Volume: PciRoot(0x0)\Pci(0x1D,0x0)\Pci(0x0,0x0)\NVMe(0x1,00-00-00-00-00-00-00-00)\HD(4,GPT,F2F0D414-BC55-4BD3-8DDA-AB26BC8F16D5,0x197AA800,0x1244E2B0)\VenMedia(BE74FCF7-0B7C-49F3-9147-01F4042E6842,6BE7CD8856D80648A63DFDD1E1C02A18)
28:180  0:000          hiding this volume
28:180  0:000  - [11]: Volume: PciRoot(0x0)\Pci(0x1D,0x0)\Pci(0x0,0x0)\NVMe(0x1,00-00-00-00-00-00-00-00)\HD(4,GPT,F2F0D414-BC55-4BD3-8DDA-AB26BC8F16D5,0x197AA800,0x1244E2B0)\VenMedia(BE74FCF7-0B7C-49F3-9147-01F4042E6842,F6863F491128EB4D91C3B0AE92A35C48)
28:180  0:000  - [12]: Volume: PciRoot(0x0)\Pci(0x1D,0x0)\Pci(0x0,0x0)\NVMe(0x1,00-00-00-00-00-00-00-00)\HD(4,GPT,F2F0D414-BC55-4BD3-8DDA-AB26BC8F16D5,0x197AA800,0x1244E2B0)\VenMedia(BE74FCF7-0B7C-49F3-9147-01F4042E6842,5E7FE4D68B28344E86A184B8D30B0F0A)
28:180  0:000  - [13]: Volume: PciRoot(0x0)\Pci(0x1D,0x0)\Pci(0x0,0x0)\NVMe(0x1,00-00-00-00-00-00-00-00)\HD(4,GPT,F2F0D414-BC55-4BD3-8DDA-AB26BC8F16D5,0x197AA800,0x1244E2B0)\VenMedia(BE74FCF7-0B7C-49F3-9147-01F4042E6842,D260B413FAB842428411CCA867023BB9)
28:180  0:000  - [14]: Volume: PciRoot(0x0)\Pci(0x1D,0x0)\Pci(0x0,0x0)\NVMe(0x1,00-00-00-00-00-00-00-00)\HD(4,GPT,F2F0D414-BC55-4BD3-8DDA-AB26BC8F16D5,0x197AA800,0x1244E2B0)\VenMedia(BE74FCF7-0B7C-49F3-9147-01F4042E6842,28677F9A0F067B44A14D15B54D0B4960)
28:180  0:000  No AudioIoProtocols, status=Not Found
28:180  0:000  theme inited
28:180  0:000  Chosen theme Hackintosh_ID
28:180  0:000  after NVRAM boot-args=-v dart=0 nv_disable=1 kext-dev-mode=1 debug=0x100 -alcoff
28:180  0:000  === [ AddCustomEntries ] ========================
28:180  0:000  Custom entry 0 Title:"Recovery" Path:"\com.apple.recovery.boot\boot.efi" Type:10 Flags:0x6 matching all volumes
28:180  0:000      Checking volume "EFI" (PciRoot(0x0)\Pci(0x1D,0x0)\Pci(0x0,0x0)\NVMe(0x1,00-00-00-00-00-00-00-00)\HD(1,GPT,8B84C53C-44C0-42D9-B611-6C1D14A6C3E4,0x800,0x13A800)) ... skipped because path does not exist
28:180  0:000      Checking volume "EFI" (PciRoot(0x0)\Pci(0x14,0x0)\USB(0x2,0x0)\HD(1,GPT,3E132DB3-5F03-4E62-AE56-B2589C909217,0x22,0x64000)) ... skipped because path does not exist
28:180  0:000      Checking volume "WEPE" (PciRoot(0x0)\Pci(0x14,0x0)\USB(0x2,0x0)\HD(2,GPT,A3807392-C662-448B-808F-C214675AB173,0x64022,0xFA022)) ... skipped because path does not exist
28:180  0:000      Checking volume "Install macOS Catalina" (PciRoot(0x0)\Pci(0x14,0x0)\USB(0x2,0x0)\HD(3,GPT,1F9B68A2-0AE3-44C8-A8AC-42424330DE59,0x15E044,0x108388B)) ... skipped because path does not exist
28:180  0:000      Checking volume "Preboot" (PciRoot(0x0)\Pci(0x1D,0x0)\Pci(0x0,0x0)\NVMe(0x1,00-00-00-00-00-00-00-00)\HD(4,GPT,F2F0D414-BC55-4BD3-8DDA-AB26BC8F16D5,0x197AA800,0x1244E2B0)\VenMedia(BE74FCF7-0B7C-49F3-9147-01F4042E6842,6BE7CD8856D80648A63DFDD1E1C02A18)) ... skipped because volume is hidden
28:180  0:000      Checking volume "Macintosh HD - 数据" (PciRoot(0x0)\Pci(0x1D,0x0)\Pci(0x0,0x0)\NVMe(0x1,00-00-00-00-00-00-00-00)\HD(4,GPT,F2F0D414-BC55-4BD3-8DDA-AB26BC8F16D5,0x197AA800,0x1244E2B0)\VenMedia(BE74FCF7-0B7C-49F3-9147-01F4042E6842,F6863F491128EB4D91C3B0AE92A35C48)) ... skipped because path does not exist
28:180  0:000      Checking volume "Recovery" (PciRoot(0x0)\Pci(0x1D,0x0)\Pci(0x0,0x0)\NVMe(0x1,00-00-00-00-00-00-00-00)\HD(4,GPT,F2F0D414-BC55-4BD3-8DDA-AB26BC8F16D5,0x197AA800,0x1244E2B0)\VenMedia(BE74FCF7-0B7C-49F3-9147-01F4042E6842,5E7FE4D68B28344E86A184B8D30B0F0A)) ... skipped because path does not exist
28:180  0:000      Checking volume "VM" (PciRoot(0x0)\Pci(0x1D,0x0)\Pci(0x0,0x0)\NVMe(0x1,00-00-00-00-00-00-00-00)\HD(4,GPT,F2F0D414-BC55-4BD3-8DDA-AB26BC8F16D5,0x197AA800,0x1244E2B0)\VenMedia(BE74FCF7-0B7C-49F3-9147-01F4042E6842,D260B413FAB842428411CCA867023BB9)) ... skipped because path does not exist
28:180  0:000      Checking volume "Macintosh HD" (PciRoot(0x0)\Pci(0x1D,0x0)\Pci(0x0,0x0)\NVMe(0x1,00-00-00-00-00-00-00-00)\HD(4,GPT,F2F0D414-BC55-4BD3-8DDA-AB26BC8F16D5,0x197AA800,0x1244E2B0)\VenMedia(BE74FCF7-0B7C-49F3-9147-01F4042E6842,28677F9A0F067B44A14D15B54D0B4960)) ... skipped because path does not exist
28:180  0:000  Custom entry 1 Title:"Windows" Path:"\EFI\Microsoft\Boot\bootmgfw.efi" Options:"-s -h" Type:7 Flags:0x0 matching all volumes
28:180  0:000      Checking volume "EFI" (PciRoot(0x0)\Pci(0x1D,0x0)\Pci(0x0,0x0)\NVMe(0x1,00-00-00-00-00-00-00-00)\HD(1,GPT,8B84C53C-44C0-42D9-B611-6C1D14A6C3E4,0x800,0x13A800)) ... match!
28:183  0:002  Custom settings: .plist will  be applied
28:183  0:000      Checking volume "EFI" (PciRoot(0x0)\Pci(0x14,0x0)\USB(0x2,0x0)\HD(1,GPT,3E132DB3-5F03-4E62-AE56-B2589C909217,0x22,0x64000)) ... skipped because path does not exist
28:183  0:000      Checking volume "WEPE" (PciRoot(0x0)\Pci(0x14,0x0)\USB(0x2,0x0)\HD(2,GPT,A3807392-C662-448B-808F-C214675AB173,0x64022,0xFA022)) ... skipped because path does not exist
28:183  0:000      Checking volume "Install macOS Catalina" (PciRoot(0x0)\Pci(0x14,0x0)\USB(0x2,0x0)\HD(3,GPT,1F9B68A2-0AE3-44C8-A8AC-42424330DE59,0x15E044,0x108388B)) ... skipped because path does not exist
28:183  0:000      Checking volume "Preboot" (PciRoot(0x0)\Pci(0x1D,0x0)\Pci(0x0,0x0)\NVMe(0x1,00-00-00-00-00-00-00-00)\HD(4,GPT,F2F0D414-BC55-4BD3-8DDA-AB26BC8F16D5,0x197AA800,0x1244E2B0)\VenMedia(BE74FCF7-0B7C-49F3-9147-01F4042E6842,6BE7CD8856D80648A63DFDD1E1C02A18)) ... skipped because volume is hidden
28:183  0:000      Checking volume "Macintosh HD - 数据" (PciRoot(0x0)\Pci(0x1D,0x0)\Pci(0x0,0x0)\NVMe(0x1,00-00-00-00-00-00-00-00)\HD(4,GPT,F2F0D414-BC55-4BD3-8DDA-AB26BC8F16D5,0x197AA800,0x1244E2B0)\VenMedia(BE74FCF7-0B7C-49F3-9147-01F4042E6842,F6863F491128EB4D91C3B0AE92A35C48)) ... skipped because path does not exist
28:183  0:000      Checking volume "Recovery" (PciRoot(0x0)\Pci(0x1D,0x0)\Pci(0x0,0x0)\NVMe(0x1,00-00-00-00-00-00-00-00)\HD(4,GPT,F2F0D414-BC55-4BD3-8DDA-AB26BC8F16D5,0x197AA800,0x1244E2B0)\VenMedia(BE74FCF7-0B7C-49F3-9147-01F4042E6842,5E7FE4D68B28344E86A184B8D30B0F0A)) ... skipped because path does not exist
28:183  0:000      Checking volume "VM" (PciRoot(0x0)\Pci(0x1D,0x0)\Pci(0x0,0x0)\NVMe(0x1,00-00-00-00-00-00-00-00)\HD(4,GPT,F2F0D414-BC55-4BD3-8DDA-AB26BC8F16D5,0x197AA800,0x1244E2B0)\VenMedia(BE74FCF7-0B7C-49F3-9147-01F4042E6842,D260B413FAB842428411CCA867023BB9)) ... skipped because path does not exist
28:183  0:000      Checking volume "Macintosh HD" (PciRoot(0x0)\Pci(0x1D,0x0)\Pci(0x0,0x0)\NVMe(0x1,00-00-00-00-00-00-00-00)\HD(4,GPT,F2F0D414-BC55-4BD3-8DDA-AB26BC8F16D5,0x197AA800,0x1244E2B0)\VenMedia(BE74FCF7-0B7C-49F3-9147-01F4042E6842,28677F9A0F067B44A14D15B54D0B4960)) ... skipped because path does not exist
28:183  0:000  === [ ScanLoader ] ==============================
28:183  0:000  - [01]: 'EFI'
28:185  0:001          AddLoaderEntry for Volume Name=EFI
28:185  0:000       skipped because path `PciRoot(0x0)\Pci(0x1D,0x0)\Pci(0x0,0x0)\NVMe(0x1,00-00-00-00-00-00-00-00)\HD(1,GPT,8B84C53C-44C0-42D9-B611-6C1D14A6C3E4,0x800,0x13A800)\EFI\microsoft\Boot\bootmgfw.efii` already exists for another entry!
28:205  0:020          AddLoaderEntry for Volume Name=EFI
28:232  0:027          AddLoaderEntry for Volume Name=EFI
28:262  0:030          AddLoaderEntry for Volume Name=EFI
28:262  0:000          skipped because entry is hidden
28:262  0:000  - [07]: 'EFI'
28:341  0:078          AddLoaderEntry for Volume Name=EFI
28:341  0:000          skipped because entry is hidden
28:341  0:000  - [08]: 'WEPE'
28:421  0:079          AddLoaderEntry for Volume Name=WEPE
28:421  0:000          skipped because entry is hidden
28:421  0:000  - [09]: 'Install macOS Catalina'
28:422  0:000          AddLoaderEntry for Volume Name=Install macOS Catalina
28:500  0:078  - [10]: 'Preboot', hidden
28:500  0:000  - [11]: 'Macintosh HD - 数据'
28:577  0:076  - [12]: 'Recovery'
28:578  0:000          AddLoaderEntry for Volume Name=Recovery
28:658  0:080  - [13]: 'VM'
28:736  0:078  - [14]: 'Macintosh HD'
28:737  0:000          AddLoaderEntry for Volume Name=Macintosh HD
28:738  0:000      hibernated: set as never
28:818  0:080  === [ AddCustomTool ] ===========================
28:819  0:001  found tool \EFI\CLOVER\tools\Shell64U.efi
28:819  0:000  Checking EFI partition Volume 1 for Clover
28:820  0:000  Checking EFI partition Volume 7 for Clover
28:821  0:001   Found Clover
28:821  0:000  === [ GetEfiBootDeviceFromNvram ] ===============
28:821  0:000  === [ FindStartupDiskVolume ] ===================
28:821  0:000    - Volume: partition = PciRoot(0x0)\Pci(0x1D,0x0)\Pci(0x0,0x0)\NVMe(0x1,00-00-00-00-00-00-00-00)\HD(4,GPT,F2F0D414-BC55-4BD3-8DDA-AB26BC8F16D5,0x197AA800,0x1244E2B0)\VenMedia(BE74FCF7-0B7C-49F3-9147-01F4042E6842,28677F9A0F067B44A14D15B54D0B4960)
28:821  0:000     - searching for that partition
28:821  0:000      - found entry 5. 'Boot macOS from Macintosh HD', Volume 'Macintosh HD'
28:821  0:000  Boot redirected to Entry 5. 'Boot macOS from Macintosh HD'
28:821  0:000  DefaultIndex=5 and MainMenu.Entries.size()=12
35:349  6:528  exit from MainMenu 1
35:349  0:000  ParseBootOption: invalid input params
35:349  0:000  BootVariable of the entry is empty
35:349  0:000  === [ StartLoader ] =============================
35:349  0:000  Finally: ExternalClock=25MHz BusSpeed=99551kHz CPUFreq=1991MHz PIS: hw.busfrequency=100000000Hz
35:349  0:000  start loader
35:349  0:000  Loading bootmgfw.efi  status=Success
35:404  0:054  Closing events for Windows
35:404  0:000  OtherOS: Found Acpi 2.0 RSDP 0x3AFFD014
35:404  0:000  RSDT at %p
35:404  0:000  XSDT at %p
35:404  0:000  FADT pointer = %p
35:407  0:002  Dir Windows not found. No patching will be done.
35:407  0:000  Closing log
